build/app/intermediates/manifest_merge_blame_file/debug/manifest-merger-blame-debug-report.txt
1<?xml version="1.0" encoding="utf-8"?>
2<manifest xmlns:android="http://schemas.android.com/apk/res/android"
3    package="com.example.jaydip_flutter"
4    android:versionCode="1"
5    android:versionName="1.0.0" >
6
7    <uses-sdk
8        android:minSdkVersion="21"
9        android:targetSdkVersion="33" />
10    <!--
11         The INTERNET permission is required for development. Specifically,
12         the Flutter tool needs it to communicate with the running application
13         to allow setting breakpoints, to provide hot reload, etc.
14    -->
15    <uses-permission android:name="android.permission.INTERNET" />
15-->src\main\AndroidManifest.xml:3:5-66
15-->src\main\AndroidManifest.xml:3:22-64
16
17    <queries>
17-->[:flutter_inappwebview] AndroidManifest.xml:9:5-13:15
18        <intent>
18-->[:flutter_inappwebview] AndroidManifest.xml:10:9-12:18
19            <action android:name="android.support.customtabs.action.CustomTabsService" />
19-->[:flutter_inappwebview] AndroidManifest.xml:11:13-90
19-->[:flutter_inappwebview] AndroidManifest.xml:11:21-87
20        </intent>
21    </queries>
22
23    <uses-permission android:name="android.permission.ACCESS_NETWORK_STATE" />
23-->[com.google.android.exoplayer:exoplayer-core:2.18.5] AndroidManifest.xml:24:5-79
23-->[com.google.android.exoplayer:exoplayer-core:2.18.5] AndroidManifest.xml:24:22-76
24
25    <permission
25-->[androidx.core:core:1.9.0] AndroidManifest.xml:22:5-24:47
26        android:name="com.example.jaydip_flutter.DYNAMIC_RECEIVER_NOT_EXPORTED_PERMISSION"
26-->[androidx.core:core:1.9.0] AndroidManifest.xml:23:9-81
27        android:protectionLevel="signature" />
27-->[androidx.core:core:1.9.0] AndroidManifest.xml:24:9-44
28
29    <uses-permission android:name="com.example.jaydip_flutter.DYNAMIC_RECEIVER_NOT_EXPORTED_PERMISSION" />
29-->[androidx.core:core:1.9.0] AndroidManifest.xml:26:5-97
29-->[androidx.core:core:1.9.0] AndroidManifest.xml:26:22-94
30
31    <application
32        android:name="android.app.Application"
33        android:appComponentFactory="androidx.core.app.CoreComponentFactory"
33-->[androidx.core:core:1.9.0] AndroidManifest.xml:28:18-86
34        android:debuggable="true"
35        android:icon="@mipmap/ic_launcher"
36        android:label="jaydip_flutter" >
37        <activity
38            android:name="com.example.jaydip_flutter.MainActivity"
39            android:configChanges="orientation|keyboardHidden|keyboard|screenSize|smallestScreenSize|locale|layoutDirection|fontScale|screenLayout|density|uiMode"
40            android:exported="true"
41            android:hardwareAccelerated="true"
42            android:launchMode="singleTop"
43            android:theme="@style/LaunchTheme"
44            android:windowSoftInputMode="adjustResize" >
45
46            <!--
47                 Specifies an Android theme to apply to this Activity as soon as
48                 the Android process has started. This theme is visible to the user
49                 while the Flutter UI initializes. After that, this theme continues
50                 to determine the Window background behind the Flutter UI.
51            -->
52            <meta-data
53                android:name="io.flutter.embedding.android.NormalTheme"
54                android:resource="@style/NormalTheme" />
55
56            <intent-filter>
57                <action android:name="android.intent.action.MAIN" />
58
59                <category android:name="android.intent.category.LAUNCHER" />
60            </intent-filter>
61        </activity>
62        <!--
63             Don't delete the meta-data below.
64             This is used by the Flutter tool to generate GeneratedPluginRegistrant.java
65        -->
66        <meta-data
67            android:name="flutterEmbedding"
68            android:value="2" />
69
70        <provider
70-->[:image_picker_android] AndroidManifest.xml:10:9-18:20
71            android:name="io.flutter.plugins.imagepicker.ImagePickerFileProvider"
71-->[:image_picker_android] AndroidManifest.xml:11:13-82
72            android:authorities="com.example.jaydip_flutter.flutter.image_provider"
72-->[:image_picker_android] AndroidManifest.xml:12:13-74
73            android:exported="false"
73-->[:image_picker_android] AndroidManifest.xml:13:13-37
74            android:grantUriPermissions="true" >
74-->[:image_picker_android] AndroidManifest.xml:14:13-47
75            <meta-data
75-->[:image_picker_android] AndroidManifest.xml:15:13-17:75
76                android:name="android.support.FILE_PROVIDER_PATHS"
76-->[:image_picker_android] AndroidManifest.xml:16:17-67
77                android:resource="@xml/flutter_image_picker_file_paths" />
77-->[:image_picker_android] AndroidManifest.xml:17:17-72
78        </provider>
79
80        <activity
80-->[:flutter_inappwebview] AndroidManifest.xml:16:9-20:47
81            android:name="com.pichillilorenzo.flutter_inappwebview.in_app_browser.InAppBrowserActivity"
81-->[:flutter_inappwebview] AndroidManifest.xml:17:13-104
82            android:configChanges="orientation|keyboardHidden|keyboard|screenSize|locale|layoutDirection|fontScale|screenLayout|density"
82-->[:flutter_inappwebview] AndroidManifest.xml:18:13-137
83            android:exported="false"
83-->[:flutter_inappwebview] AndroidManifest.xml:19:13-37
84            android:theme="@style/AppTheme" />
84-->[:flutter_inappwebview] AndroidManifest.xml:20:13-44
85        <activity
85-->[:flutter_inappwebview] AndroidManifest.xml:21:9-24:55
86            android:name="com.pichillilorenzo.flutter_inappwebview.chrome_custom_tabs.ChromeCustomTabsActivity"
86-->[:flutter_inappwebview] AndroidManifest.xml:22:13-112
87            android:exported="false"
87-->[:flutter_inappwebview] AndroidManifest.xml:23:13-37
88            android:theme="@style/ThemeTransparent" />
88-->[:flutter_inappwebview] AndroidManifest.xml:24:13-52
89        <activity
89-->[:flutter_inappwebview] AndroidManifest.xml:25:9-28:55
90            android:name="com.pichillilorenzo.flutter_inappwebview.chrome_custom_tabs.TrustedWebActivity"
90-->[:flutter_inappwebview] AndroidManifest.xml:26:13-106
91            android:exported="false"
91-->[:flutter_inappwebview] AndroidManifest.xml:27:13-37
92            android:theme="@style/ThemeTransparent" />
92-->[:flutter_inappwebview] AndroidManifest.xml:28:13-52
93        <activity
93-->[:flutter_inappwebview] AndroidManifest.xml:29:9-33:55
94            android:name="com.pichillilorenzo.flutter_inappwebview.chrome_custom_tabs.ChromeCustomTabsActivitySingleInstance"
94-->[:flutter_inappwebview] AndroidManifest.xml:30:13-126
95            android:exported="false"
95-->[:flutter_inappwebview] AndroidManifest.xml:31:13-37
96            android:launchMode="singleInstance"
96-->[:flutter_inappwebview] AndroidManifest.xml:32:13-48
97            android:theme="@style/ThemeTransparent" />
97-->[:flutter_inappwebview] AndroidManifest.xml:33:13-52
98        <activity
98-->[:flutter_inappwebview] AndroidManifest.xml:34:9-38:55
99            android:name="com.pichillilorenzo.flutter_inappwebview.chrome_custom_tabs.TrustedWebActivitySingleInstance"
99-->[:flutter_inappwebview] AndroidManifest.xml:35:13-120
100            android:exported="false"
100-->[:flutter_inappwebview] AndroidManifest.xml:36:13-37
101            android:launchMode="singleInstance"
101-->[:flutter_inappwebview] AndroidManifest.xml:37:13-48
102            android:theme="@style/ThemeTransparent" />
102-->[:flutter_inappwebview] AndroidManifest.xml:38:13-52
103
104        <receiver
104-->[:flutter_inappwebview] AndroidManifest.xml:40:9-43:40
105            android:name="com.pichillilorenzo.flutter_inappwebview.chrome_custom_tabs.ActionBroadcastReceiver"
105-->[:flutter_inappwebview] AndroidManifest.xml:41:13-111
106            android:enabled="true"
106-->[:flutter_inappwebview] AndroidManifest.xml:42:13-35
107            android:exported="false" />
107-->[:flutter_inappwebview] AndroidManifest.xml:43:13-37
108
109        <meta-data
109-->[:flutter_inappwebview] AndroidManifest.xml:45:9-47:36
110            android:name="io.flutter.embedded_views_preview"
110-->[:flutter_inappwebview] AndroidManifest.xml:46:13-61
111            android:value="true" />
111-->[:flutter_inappwebview] AndroidManifest.xml:47:13-33
112
113        <uses-library
113-->[androidx.window:window:1.0.0-beta04] AndroidManifest.xml:25:9-27:40
114            android:name="androidx.window.extensions"
114-->[androidx.window:window:1.0.0-beta04] AndroidManifest.xml:26:13-54
115            android:required="false" />
115-->[androidx.window:window:1.0.0-beta04] AndroidManifest.xml:27:13-37
116        <uses-library
116-->[androidx.window:window:1.0.0-beta04] AndroidManifest.xml:28:9-30:40
117            android:name="androidx.window.sidecar"
117-->[androidx.window:window:1.0.0-beta04] AndroidManifest.xml:29:13-51
118            android:required="false" />
118-->[androidx.window:window:1.0.0-beta04] AndroidManifest.xml:30:13-37
119
120        <provider
120-->[androidx.emoji2:emoji2:1.2.0] AndroidManifest.xml:24:9-32:20
121            android:name="androidx.startup.InitializationProvider"
121-->[androidx.emoji2:emoji2:1.2.0] AndroidManifest.xml:25:13-67
122            android:authorities="com.example.jaydip_flutter.androidx-startup"
122-->[androidx.emoji2:emoji2:1.2.0] AndroidManifest.xml:26:13-68
123            android:exported="false" >
123-->[androidx.emoji2:emoji2:1.2.0] AndroidManifest.xml:27:13-37
124            <meta-data
124-->[androidx.emoji2:emoji2:1.2.0] AndroidManifest.xml:29:13-31:52
125                android:name="androidx.emoji2.text.EmojiCompatInitializer"
125-->[androidx.emoji2:emoji2:1.2.0] AndroidManifest.xml:30:17-75
126                android:value="androidx.startup" />
126-->[androidx.emoji2:emoji2:1.2.0] AndroidManifest.xml:31:17-49
127            <meta-data
127-->[androidx.lifecycle:lifecycle-process:2.4.1] AndroidManifest.xml:31:13-33:52
128                android:name="androidx.lifecycle.ProcessLifecycleInitializer"
128-->[androidx.lifecycle:lifecycle-process:2.4.1] AndroidManifest.xml:32:17-78
129                android:value="androidx.startup" />
129-->[androidx.lifecycle:lifecycle-process:2.4.1] AndroidManifest.xml:33:17-49
130        </provider>
131    </application>
132
133</manifest>